<?xml version="1.0" encoding="UTF-8"?>
<!-- Generated by org.testng.reporters.JUnitReportReporter -->
<testsuite hostname="USBLRSIAGRAWAL8" name="Testscript.driver_script" tests="1" failures="0" timestamp="10 Feb 2017 06:06:30 GMT" time="78.887" errors="0">
  <testcase name="driverScript" time="78.887" classname="Testscript.driver_script"/>
</testsuite> <!-- Testscript.driver_script -->
